#-----------------------------------------------------------
# xsim v2025.2 (64-bit)
# SW Build 6299465 on Fri Nov 14 19:35:11 GMT 2025
# IP Build 6300035 on Fri Nov 14 10:48:45 MST 2025
# SharedData Build 6298862 on Thu Nov 13 04:50:51 MST 2025
# Start of session at: Fri Jan 23 15:12:11 2026
# Process ID         : 10924
# Current directory  : C:/hdl_projects/setup_project
# Command line       : xsim.exe -mode tcl -source {xsim.dir/work.adder_tb/xsim_script.tcl}
# Log file           : C:/hdl_projects/setup_project/xsim.log
# Journal file       : C:/hdl_projects/setup_project\xsim.jou
# Running On         : ErwaPC
# Platform           : Windows Server 2016 or Windows 10
# Operating System   : 26200
# Processor Detail   : AMD Ryzen 5 3600 6-Core Processor              
# CPU Frequency      : 3950 MHz
# CPU Physical cores : 6
# CPU Logical cores  : 12
# Host memory        : 17107 MB
# Swap memory        : 18253 MB
# Total Virtual      : 35361 MB
# Available Virtual  : 12202 MB
#-----------------------------------------------------------
source xsim.dir/work.adder_tb/xsim_script.tcl
# xsim {work.adder_tb} -autoloadwcfg -runall
Time resolution is 1 ps
run -all
 time   a    b   | sum
----------------------
                5000   0    0  |  0
               10000   3    4  |  7
               15000   7    8  | 15
               20000  15  15  | 30
Done.
$finish called at time : 25 ns : File "C:/hdl_projects/setup_project/tb/adder_tb.sv" Line 34
exit
INFO: [Common 17-206] Exiting xsim at Fri Jan 23 15:12:13 2026...
